{"event": "Internal Server Error: /", "exc_info": ["<class 'AttributeError'>", "AttributeError(\"'JsonResponse' object has no attribute '_headers'\")", "<traceback object at 0x00000213A7A7A800>"]}
{"event": "Internal Server Error: /", "exc_info": ["<class 'AttributeError'>", "AttributeError(\"'JsonResponse' object has no attribute '_headers'\")", "<traceback object at 0x00000213A7B08340>"]}
{"event": "Internal Server Error: /", "exc_info": ["<class 'AttributeError'>", "AttributeError(\"'JsonResponse' object has no attribute '_headers'\")", "<traceback object at 0x00000213A7B31600>"]}
{"event": "Internal Server Error: /", "exc_info": ["<class 'AttributeError'>", "AttributeError(\"'FixedLoggingMiddleware' object has no attribute '_get_content'\")", "<traceback object at 0x000001DDBBA2DC40>"]}
{"event": "Internal Server Error: /", "exc_info": ["<class 'AttributeError'>", "AttributeError(\"'ColourLogger' object has no attribute 'error'\")", "<traceback object at 0x000002867E58B540>"]}
{"event": "Error en request logging: ColourLogger.log() got an unexpected keyword argument 'extra'", "exc_info": ["<class 'TypeError'>", "TypeError(\"ColourLogger.log() got an unexpected keyword argument 'extra'\")", "<traceback object at 0x000002585B70CFC0>"]}
{"event": "Error en request logging: ColourLogger.log() got an unexpected keyword argument 'extra'", "exc_info": ["<class 'TypeError'>", "TypeError(\"ColourLogger.log() got an unexpected keyword argument 'extra'\")", "<traceback object at 0x000002585B5D8FC0>"]}
{"event": "Error en request logging: ColourLogger.log() got an unexpected keyword argument 'extra'", "exc_info": ["<class 'TypeError'>", "TypeError(\"ColourLogger.log() got an unexpected keyword argument 'extra'\")", "<traceback object at 0x000002585B7317C0>"]}
{"event": "Error en request logging: ColourLogger.log() got an unexpected keyword argument 'extra'", "exc_info": ["<class 'TypeError'>", "TypeError(\"ColourLogger.log() got an unexpected keyword argument 'extra'\")", "<traceback object at 0x000002585B730DC0>"]}
{"event": "Error en request logging: ColourLogger.log() got an unexpected keyword argument 'extra'", "exc_info": ["<class 'TypeError'>", "TypeError(\"ColourLogger.log() got an unexpected keyword argument 'extra'\")", "<traceback object at 0x000002585B5DB6C0>"]}
{"event": "Error en request logging: ColourLogger.log() got an unexpected keyword argument 'extra'", "exc_info": ["<class 'TypeError'>", "TypeError(\"ColourLogger.log() got an unexpected keyword argument 'extra'\")", "<traceback object at 0x000002585B0DF100>"]}
{"event": "Error en request logging: ColourLogger.log() got an unexpected keyword argument 'extra'", "exc_info": ["<class 'TypeError'>", "TypeError(\"ColourLogger.log() got an unexpected keyword argument 'extra'\")", "<traceback object at 0x000002585B77F2C0>"]}
{"event": "Error en request logging: ColourLogger.log() got an unexpected keyword argument 'extra'", "exc_info": ["<class 'TypeError'>", "TypeError(\"ColourLogger.log() got an unexpected keyword argument 'extra'\")", "<traceback object at 0x000002585B7AFB00>"]}
{"event": "Error en request logging: ColourLogger.log() got an unexpected keyword argument 'extra'", "exc_info": ["<class 'TypeError'>", "TypeError(\"ColourLogger.log() got an unexpected keyword argument 'extra'\")", "<traceback object at 0x000002585B34D340>"]}
{"event": "Error en request logging: ColourLogger.log() got an unexpected keyword argument 'extra'", "exc_info": ["<class 'TypeError'>", "TypeError(\"ColourLogger.log() got an unexpected keyword argument 'extra'\")", "<traceback object at 0x000002585B8DB6C0>"]}
{"event": "Error en request logging: ColourLogger.log() got an unexpected keyword argument 'extra'", "exc_info": ["<class 'TypeError'>", "TypeError(\"ColourLogger.log() got an unexpected keyword argument 'extra'\")", "<traceback object at 0x000002585B900FC0>"]}
{"event": "Error en request logging: ColourLogger.log() got an unexpected keyword argument 'extra'", "exc_info": ["<class 'TypeError'>", "TypeError(\"ColourLogger.log() got an unexpected keyword argument 'extra'\")", "<traceback object at 0x000002585B971A80>"]}
{"event": "Error en request logging: ColourLogger.log() got an unexpected keyword argument 'extra'", "exc_info": ["<class 'TypeError'>", "TypeError(\"ColourLogger.log() got an unexpected keyword argument 'extra'\")", "<traceback object at 0x000002585B99FA40>"]}
{"event": "Error en request logging: ColourLogger.log() got an unexpected keyword argument 'extra'", "exc_info": ["<class 'TypeError'>", "TypeError(\"ColourLogger.log() got an unexpected keyword argument 'extra'\")", "<traceback object at 0x000002585CB63200>"]}
{"event": "Error en request logging: ColourLogger.log() got an unexpected keyword argument 'extra'", "exc_info": ["<class 'TypeError'>", "TypeError(\"ColourLogger.log() got an unexpected keyword argument 'extra'\")", "<traceback object at 0x000002585B99D680>"]}
{"event": "Error en request logging: ColourLogger.log() got an unexpected keyword argument 'extra'", "exc_info": ["<class 'TypeError'>", "TypeError(\"ColourLogger.log() got an unexpected keyword argument 'extra'\")", "<traceback object at 0x000002585B383380>"]}
{"event": "Error en request logging: ColourLogger.log() got an unexpected keyword argument 'extra'", "exc_info": ["<class 'TypeError'>", "TypeError(\"ColourLogger.log() got an unexpected keyword argument 'extra'\")", "<traceback object at 0x000002585B0DC880>"]}
